<?xml version="1.0" encoding="UTF-8"?>
<!-- Generated by org.testng.reporters.JUnitXMLReporter -->
<testsuite ignored="2" hostname="MSI" failures="0" tests="1" name="Default test" time="30.648" errors="0" timestamp="2022-06-14T18:16:18 IST">
  <testcase classname="TestCases.GroupTest1" name="verifyUserFullNameTest" time="12.345"/>
  <testcase classname="TestCases.GroupTest1" name="verifyEmailIdTest" time="0.0">
    <ignored/>
  </testcase> <!-- verifyEmailIdTest -->
  <testcase classname="TestCases.GroupTest1" name="placeGTTOrderTest" time="0.0">
    <ignored/>
  </testcase> <!-- placeGTTOrderTest -->
</testsuite> <!-- Default test -->
