<?xml version="1.0" encoding="UTF-8"?>
<!-- Generated by org.testng.reporters.JUnitXMLReporter -->
<testsuite ignored="1" hostname="MSI" failures="2" tests="2" name="Test1" time="0.034" errors="0" timestamp="2022-06-14T18:16:47 IST">
  <testcase classname="TestCases.GroupTest1" name="verifyEmailIdTest" time="0.006">
    <failure type="java.lang.NullPointerException">
      <![CDATA[java.lang.NullPointerException
at TestCases.GroupTest1.verifyEmailIdTest(GroupTest1.java:35)
at java.base/java.util.ArrayList.forEach(ArrayList.java:1541)
... Removed 27 stack frames]]>
    </failure>
  </testcase> <!-- verifyEmailIdTest -->
  <testcase classname="TestCases.GroupTest1" name="verifyUserFullNameTest" time="0.001">
    <failure type="java.lang.NullPointerException">
      <![CDATA[java.lang.NullPointerException
at TestCases.GroupTest1.verifyUserFullNameTest(GroupTest1.java:27)
at java.base/java.util.ArrayList.forEach(ArrayList.java:1541)
... Removed 27 stack frames]]>
    </failure>
  </testcase> <!-- verifyUserFullNameTest -->
  <testcase classname="TestCases.GroupTest1" name="placeGTTOrderTest" time="0.0">
    <ignored/>
  </testcase> <!-- placeGTTOrderTest -->
</testsuite> <!-- Test1 -->
